2026-07-16 17:21:21 INFO  Browser setup started
2026-07-16 17:21:21 INFO  Configuration file loaded
2026-07-16 17:21:28 INFO  Chrome browser launched
2026-07-16 17:21:32 INFO  Navigated to URL: https://demoqa.com/forms
2026-07-16 17:21:35 INFO  Closing browser
2026-07-16 17:21:38 INFO  Browser closed
2026-07-16 17:25:24 INFO  Browser setup started
2026-07-16 17:25:24 INFO  Configuration file loaded
2026-07-16 17:25:29 INFO  Chrome browser launched
2026-07-16 17:25:31 INFO  Navigated to URL: https://demoqa.com/forms
2026-07-16 17:25:32 INFO  Entering user details
2026-07-16 17:25:34 INFO  User details entered successfully
2026-07-16 17:25:34 INFO  Closing browser
2026-07-16 17:25:37 INFO  Browser closed
2026-07-16 17:42:10 INFO  Browser setup started
2026-07-16 17:42:10 INFO  Configuration file loaded
2026-07-16 17:42:15 INFO  Chrome browser launched
2026-07-16 17:42:18 INFO  Navigated to URL: https://demoqa.com/forms
2026-07-16 17:42:19 INFO  Entering user details
2026-07-16 17:42:20 INFO  User details entered successfully
2026-07-16 17:42:21 INFO  Closing browser
2026-07-16 17:42:24 INFO  Browser closed
2026-07-16 17:46:57 INFO  Browser setup started
2026-07-16 17:46:57 INFO  Configuration file loaded
2026-07-16 17:47:02 INFO  Chrome browser launched
2026-07-16 17:47:04 INFO  Navigated to URL: https://demoqa.com/forms
2026-07-16 17:47:05 INFO  Entering user details
2026-07-16 17:47:06 INFO  User details entered successfully
2026-07-16 17:47:06 INFO  Closing browser
2026-07-16 17:47:10 INFO  Browser closed
2026-07-16 17:47:54 INFO  Browser setup started
2026-07-16 17:47:54 INFO  Configuration file loaded
2026-07-16 17:47:58 INFO  Chrome browser launched
2026-07-16 17:48:08 INFO  Navigated to URL: https://demoqa.com/forms
2026-07-16 17:48:08 INFO  Entering user details
2026-07-16 17:48:10 INFO  User details entered successfully
2026-07-16 17:48:10 INFO  Form submitted successfully
2026-07-16 17:48:10 INFO  Closing browser
2026-07-16 17:48:13 INFO  Browser closed
2026-07-16 17:50:02 INFO  Browser setup started
2026-07-16 17:50:02 INFO  Configuration file loaded
2026-07-16 17:50:08 INFO  Chrome browser launched
2026-07-16 17:50:13 INFO  Navigated to URL: https://demoqa.com/forms
2026-07-16 17:50:13 INFO  Entering user details
2026-07-16 17:50:16 INFO  User details entered successfully
2026-07-16 17:50:16 INFO  Form submitted successfully
2026-07-16 17:50:16 INFO  Closing browser
2026-07-16 17:50:20 INFO  Browser closed
